<?xml version="1.0" encoding="UTF-8"?>
<!-- Generated by org.testng.reporters.JUnitReportReporter -->
<testsuite skipped="0" hostname="DESKTOP-662JNN4" name="com.bank.testscripts.TC001" tests="1" failures="0" timestamp="2020-02-07T00:48:02 IST" time="120.104" errors="0">
  <testcase name="testng" time="120.104" classname="com.bank.testscripts.TC001"/>
</testsuite> <!-- com.bank.testscripts.TC001 -->
