<?xml version="1.0" encoding="UTF-8"?>
<!-- Generated by org.testng.reporters.JUnitReportReporter -->
<testsuite skipped="0" hostname="DESKTOP-662JNN4" name="com.bank.testscripts.TC002" tests="1" failures="0" timestamp="2020-02-07T00:48:02 IST" time="33.672" errors="0">
  <testcase name="tc001" time="33.672" classname="com.bank.testscripts.TC002"/>
</testsuite> <!-- com.bank.testscripts.TC002 -->
